\BOOKMARK [0][-]{chapter.1}{\376\377\000F\000i\000l\000e\000\040\000I\000n\000d\000e\000x}{}
\BOOKMARK [1][-]{section.1.1}{\376\377\000F\000i\000l\000e\000\040\000L\000i\000s\000t}{chapter.1}
\BOOKMARK [0][-]{chapter.2}{\376\377\000F\000i\000l\000e\000\040\000D\000o\000c\000u\000m\000e\000n\000t\000a\000t\000i\000o\000n}{}
\BOOKMARK [1][-]{section.2.1}{\376\377\000d\000t\000s\000A\000S\000y\000n\000c\000.\000c\000\040\000F\000i\000l\000e\000\040\000R\000e\000f\000e\000r\000e\000n\000c\000e}{chapter.2}
\BOOKMARK [2][-]{subsection.2.1.1}{\376\377\000D\000e\000t\000a\000i\000l\000e\000d\000\040\000D\000e\000s\000c\000r\000i\000p\000t\000i\000o\000n}{section.2.1}
\BOOKMARK [2][-]{subsection.2.1.2}{\376\377\000F\000u\000n\000c\000t\000i\000o\000n\000\040\000D\000o\000c\000u\000m\000e\000n\000t\000a\000t\000i\000o\000n}{section.2.1}
\BOOKMARK [3][-]{subsubsection.2.1.2.1}{\376\377\000d\000t\000s\000\137\000n\000u\000l\000l\000R\000e\000s\000p\000o\000n\000s\000e}{subsection.2.1.2}
\BOOKMARK [1][-]{section.2.2}{\376\377\000d\000t\000s\000C\000l\000i\000e\000n\000t\000.\000c\000\040\000F\000i\000l\000e\000\040\000R\000e\000f\000e\000r\000e\000n\000c\000e}{chapter.2}
\BOOKMARK [2][-]{subsection.2.2.1}{\376\377\000D\000e\000t\000a\000i\000l\000e\000d\000\040\000D\000e\000s\000c\000r\000i\000p\000t\000i\000o\000n}{section.2.2}
\BOOKMARK [1][-]{section.2.3}{\376\377\000d\000t\000s\000C\000o\000n\000f\000i\000g\000.\000c\000\040\000F\000i\000l\000e\000\040\000R\000e\000f\000e\000r\000e\000n\000c\000e}{chapter.2}
\BOOKMARK [2][-]{subsection.2.3.1}{\376\377\000D\000e\000t\000a\000i\000l\000e\000d\000\040\000D\000e\000s\000c\000r\000i\000p\000t\000i\000o\000n}{section.2.3}
\BOOKMARK [2][-]{subsection.2.3.2}{\376\377\000F\000u\000n\000c\000t\000i\000o\000n\000\040\000D\000o\000c\000u\000m\000e\000n\000t\000a\000t\000i\000o\000n}{section.2.3}
\BOOKMARK [3][-]{subsubsection.2.3.2.1}{\376\377\000d\000t\000s\000\137\000c\000f\000g\000Q\000M\000e\000t\000h\000o\000d}{subsection.2.3.2}
\BOOKMARK [3][-]{subsubsection.2.3.2.2}{\376\377\000d\000t\000s\000\137\000c\000f\000g\000Q\000M\000e\000t\000h\000o\000d\000S\000t\000r}{subsection.2.3.2}
\BOOKMARK [3][-]{subsubsection.2.3.2.3}{\376\377\000d\000t\000s\000\137\000c\000f\000g\000Q\000M\000o\000d\000e}{subsection.2.3.2}
\BOOKMARK [3][-]{subsubsection.2.3.2.4}{\376\377\000d\000t\000s\000\137\000c\000f\000g\000Q\000M\000o\000d\000e\000S\000t\000r}{subsection.2.3.2}
\BOOKMARK [3][-]{subsubsection.2.3.2.5}{\376\377\000d\000t\000s\000\137\000c\000f\000g\000Q\000T\000y\000p\000e}{subsection.2.3.2}
\BOOKMARK [3][-]{subsubsection.2.3.2.6}{\376\377\000d\000t\000s\000\137\000c\000f\000g\000Q\000T\000y\000p\000e\000S\000t\000r}{subsection.2.3.2}
\BOOKMARK [3][-]{subsubsection.2.3.2.7}{\376\377\000d\000t\000s\000\137\000l\000o\000a\000d\000C\000o\000n\000f\000i\000g}{subsection.2.3.2}
\BOOKMARK [3][-]{subsubsection.2.3.2.8}{\376\377\000d\000t\000s\000G\000e\000t\000s}{subsection.2.3.2}
\BOOKMARK [1][-]{section.2.4}{\376\377\000d\000t\000s\000C\000o\000n\000s\000o\000l\000e\000.\000c\000\040\000F\000i\000l\000e\000\040\000R\000e\000f\000e\000r\000e\000n\000c\000e}{chapter.2}
\BOOKMARK [2][-]{subsection.2.4.1}{\376\377\000D\000e\000t\000a\000i\000l\000e\000d\000\040\000D\000e\000s\000c\000r\000i\000p\000t\000i\000o\000n}{section.2.4}
\BOOKMARK [2][-]{subsection.2.4.2}{\376\377\000F\000u\000n\000c\000t\000i\000o\000n\000\040\000D\000o\000c\000u\000m\000e\000n\000t\000a\000t\000i\000o\000n}{section.2.4}
\BOOKMARK [3][-]{subsubsection.2.4.2.1}{\376\377\000d\000t\000s\000\137\000m\000o\000n\000A\000t\000t\000a\000c\000h}{subsection.2.4.2}
\BOOKMARK [3][-]{subsubsection.2.4.2.2}{\376\377\000d\000t\000s\000\137\000m\000o\000n\000C\000o\000n\000s\000o\000l\000e}{subsection.2.4.2}
\BOOKMARK [3][-]{subsubsection.2.4.2.3}{\376\377\000d\000t\000s\000\137\000m\000o\000n\000D\000e\000t\000a\000c\000h}{subsection.2.4.2}
\BOOKMARK [1][-]{section.2.5}{\376\377\000d\000t\000s\000F\000i\000l\000e\000U\000t\000i\000l\000.\000c\000\040\000F\000i\000l\000e\000\040\000R\000e\000f\000e\000r\000e\000n\000c\000e}{chapter.2}
\BOOKMARK [2][-]{subsection.2.5.1}{\376\377\000D\000e\000t\000a\000i\000l\000e\000d\000\040\000D\000e\000s\000c\000r\000i\000p\000t\000i\000o\000n}{section.2.5}
\BOOKMARK [2][-]{subsection.2.5.2}{\376\377\000F\000u\000n\000c\000t\000i\000o\000n\000\040\000D\000o\000c\000u\000m\000e\000n\000t\000a\000t\000i\000o\000n}{section.2.5}
\BOOKMARK [3][-]{subsubsection.2.5.2.1}{\376\377\000d\000t\000s\000\137\000f\000i\000l\000e\000C\000l\000o\000s\000e}{subsection.2.5.2}
\BOOKMARK [3][-]{subsubsection.2.5.2.2}{\376\377\000d\000t\000s\000\137\000f\000i\000l\000e\000O\000p\000e\000n}{subsection.2.5.2}
\BOOKMARK [3][-]{subsubsection.2.5.2.3}{\376\377\000d\000t\000s\000\137\000f\000i\000l\000e\000S\000i\000z\000e}{subsection.2.5.2}
\BOOKMARK [3][-]{subsubsection.2.5.2.4}{\376\377\000d\000t\000s\000\137\000g\000e\000t\000B\000u\000f\000f\000e\000r}{subsection.2.5.2}
\BOOKMARK [3][-]{subsubsection.2.5.2.5}{\376\377\000d\000t\000s\000\137\000p\000r\000e\000A\000l\000l\000o\000c}{subsection.2.5.2}
\BOOKMARK [1][-]{section.2.6}{\376\377\000d\000t\000s\000L\000o\000g\000.\000c\000\040\000F\000i\000l\000e\000\040\000R\000e\000f\000e\000r\000e\000n\000c\000e}{chapter.2}
\BOOKMARK [2][-]{subsection.2.6.1}{\376\377\000D\000e\000t\000a\000i\000l\000e\000d\000\040\000D\000e\000s\000c\000r\000i\000p\000t\000i\000o\000n}{section.2.6}
\BOOKMARK [2][-]{subsection.2.6.2}{\376\377\000F\000u\000n\000c\000t\000i\000o\000n\000\040\000D\000o\000c\000u\000m\000e\000n\000t\000a\000t\000i\000o\000n}{section.2.6}
\BOOKMARK [3][-]{subsubsection.2.6.2.1}{\376\377\000d\000t\000s\000\137\000e\000n\000c\000o\000d\000e\000S\000t\000r\000i\000n\000g}{subsection.2.6.2}
\BOOKMARK [3][-]{subsubsection.2.6.2.2}{\376\377\000d\000t\000s\000L\000o\000g}{subsection.2.6.2}
\BOOKMARK [1][-]{section.2.7}{\376\377\000d\000t\000s\000M\000e\000t\000h\000o\000d\000s\000.\000c\000\040\000F\000i\000l\000e\000\040\000R\000e\000f\000e\000r\000e\000n\000c\000e}{chapter.2}
\BOOKMARK [2][-]{subsection.2.7.1}{\376\377\000D\000e\000t\000a\000i\000l\000e\000d\000\040\000D\000e\000s\000c\000r\000i\000p\000t\000i\000o\000n}{section.2.7}
\BOOKMARK [2][-]{subsection.2.7.2}{\376\377\000F\000u\000n\000c\000t\000i\000o\000n\000\040\000D\000o\000c\000u\000m\000e\000n\000t\000a\000t\000i\000o\000n}{section.2.7}
\BOOKMARK [3][-]{subsubsection.2.7.2.1}{\376\377\000d\000t\000s\000\137\000a\000d\000d\000T\000o\000Q\000u\000e\000u\000e}{subsection.2.7.2}
\BOOKMARK [3][-]{subsubsection.2.7.2.2}{\376\377\000d\000t\000s\000\137\000c\000a\000n\000c\000e\000l\000T\000r\000a\000n\000s\000f\000e\000r}{subsection.2.7.2}
\BOOKMARK [3][-]{subsubsection.2.7.2.3}{\376\377\000d\000t\000s\000\137\000d\000i\000s\000k\000S\000p\000a\000c\000e}{subsection.2.7.2}
\BOOKMARK [3][-]{subsubsection.2.7.2.4}{\376\377\000d\000t\000s\000\137\000E\000c\000h\000o}{subsection.2.7.2}
\BOOKMARK [3][-]{subsubsection.2.7.2.5}{\376\377\000d\000t\000s\000\137\000f\000l\000u\000s\000h\000Q\000u\000e\000u\000e}{subsection.2.7.2}
\BOOKMARK [3][-]{subsubsection.2.7.2.6}{\376\377\000d\000t\000s\000\137\000G\000e\000t}{subsection.2.7.2}
\BOOKMARK [3][-]{subsubsection.2.7.2.7}{\376\377\000d\000t\000s\000\137\000i\000n\000i\000t\000D\000T\000S}{subsection.2.7.2}
\BOOKMARK [3][-]{subsubsection.2.7.2.8}{\376\377\000d\000t\000s\000\137\000L\000i\000s\000t}{subsection.2.7.2}
\BOOKMARK [3][-]{subsubsection.2.7.2.9}{\376\377\000d\000t\000s\000\137\000P\000i\000n\000g}{subsection.2.7.2}
\BOOKMARK [3][-]{subsubsection.2.7.2.10}{\376\377\000d\000t\000s\000\137\000r\000e\000m\000o\000v\000e\000F\000r\000o\000m\000Q\000u\000e\000u\000e}{subsection.2.7.2}
\BOOKMARK [3][-]{subsubsection.2.7.2.11}{\376\377\000d\000t\000s\000\137\000r\000e\000s\000t\000a\000r\000t\000Q\000u\000e\000u\000e}{subsection.2.7.2}
\BOOKMARK [3][-]{subsubsection.2.7.2.12}{\376\377\000d\000t\000s\000\137\000S\000e\000t}{subsection.2.7.2}
\BOOKMARK [3][-]{subsubsection.2.7.2.13}{\376\377\000d\000t\000s\000\137\000s\000h\000u\000t\000d\000o\000w\000n\000D\000T\000S}{subsection.2.7.2}
\BOOKMARK [3][-]{subsubsection.2.7.2.14}{\376\377\000d\000t\000s\000\137\000s\000t\000a\000r\000t\000Q\000u\000e\000u\000e}{subsection.2.7.2}
\BOOKMARK [3][-]{subsubsection.2.7.2.15}{\376\377\000d\000t\000s\000\137\000s\000t\000o\000p\000Q\000u\000e\000u\000e}{subsection.2.7.2}
\BOOKMARK [1][-]{section.2.8}{\376\377\000d\000t\000s\000P\000S\000o\000c\000k\000.\000c\000\040\000F\000i\000l\000e\000\040\000R\000e\000f\000e\000r\000e\000n\000c\000e}{chapter.2}
\BOOKMARK [2][-]{subsection.2.8.1}{\376\377\000D\000e\000t\000a\000i\000l\000e\000d\000\040\000D\000e\000s\000c\000r\000i\000p\000t\000i\000o\000n}{section.2.8}
\BOOKMARK [2][-]{subsection.2.8.2}{\376\377\000F\000u\000n\000c\000t\000i\000o\000n\000\040\000D\000o\000c\000u\000m\000e\000n\000t\000a\000t\000i\000o\000n}{section.2.8}
\BOOKMARK [3][-]{subsubsection.2.8.2.1}{\376\377\000p\000s\000C\000o\000m\000p\000u\000t\000e\000S\000t\000r\000i\000p\000e}{subsection.2.8.2}
\BOOKMARK [3][-]{subsubsection.2.8.2.2}{\376\377\000p\000s\000R\000e\000c\000e\000i\000v\000e\000F\000i\000l\000e}{subsection.2.8.2}
\BOOKMARK [3][-]{subsubsection.2.8.2.3}{\376\377\000p\000s\000R\000e\000c\000e\000i\000v\000e\000S\000t\000r\000i\000p\000e}{subsection.2.8.2}
\BOOKMARK [3][-]{subsubsection.2.8.2.4}{\376\377\000p\000s\000S\000e\000n\000d\000F\000i\000l\000e}{subsection.2.8.2}
\BOOKMARK [3][-]{subsubsection.2.8.2.5}{\376\377\000p\000s\000S\000e\000n\000d\000S\000t\000r\000i\000p\000e}{subsection.2.8.2}
\BOOKMARK [3][-]{subsubsection.2.8.2.6}{\376\377\000p\000s\000S\000p\000a\000w\000n\000W\000o\000r\000k\000e\000r}{subsection.2.8.2}
\BOOKMARK [2][-]{subsection.2.8.3}{\376\377\000V\000a\000r\000i\000a\000b\000l\000e\000\040\000D\000o\000c\000u\000m\000e\000n\000t\000a\000t\000i\000o\000n}{section.2.8}
\BOOKMARK [3][-]{subsubsection.2.8.3.1}{\376\377\000s\000v\000c\000\137\000m\000u\000t\000e\000x}{subsection.2.8.3}
\BOOKMARK [1][-]{section.2.9}{\376\377\000d\000t\000s\000P\000u\000l\000l\000.\000c\000\040\000F\000i\000l\000e\000\040\000R\000e\000f\000e\000r\000e\000n\000c\000e}{chapter.2}
\BOOKMARK [2][-]{subsection.2.9.1}{\376\377\000D\000e\000t\000a\000i\000l\000e\000d\000\040\000D\000e\000s\000c\000r\000i\000p\000t\000i\000o\000n}{section.2.9}
\BOOKMARK [2][-]{subsection.2.9.2}{\376\377\000F\000u\000n\000c\000t\000i\000o\000n\000\040\000D\000o\000c\000u\000m\000e\000n\000t\000a\000t\000i\000o\000n}{section.2.9}
\BOOKMARK [3][-]{subsubsection.2.9.2.1}{\376\377\000d\000t\000s\000\137\000x\000f\000e\000r\000S\000e\000n\000d\000F\000i\000l\000e}{subsection.2.9.2}
\BOOKMARK [1][-]{section.2.10}{\376\377\000d\000t\000s\000P\000u\000s\000h\000.\000c\000\040\000F\000i\000l\000e\000\040\000R\000e\000f\000e\000r\000e\000n\000c\000e}{chapter.2}
\BOOKMARK [2][-]{subsection.2.10.1}{\376\377\000D\000e\000t\000a\000i\000l\000e\000d\000\040\000D\000e\000s\000c\000r\000i\000p\000t\000i\000o\000n}{section.2.10}
\BOOKMARK [2][-]{subsection.2.10.2}{\376\377\000F\000u\000n\000c\000t\000i\000o\000n\000\040\000D\000o\000c\000u\000m\000e\000n\000t\000a\000t\000i\000o\000n}{section.2.10}
\BOOKMARK [3][-]{subsubsection.2.10.2.1}{\376\377\000d\000t\000s\000\137\000x\000f\000e\000r\000P\000u\000s\000h}{subsection.2.10.2}
\BOOKMARK [3][-]{subsubsection.2.10.2.2}{\376\377\000d\000t\000s\000\137\000x\000f\000e\000r\000R\000e\000c\000e\000i\000v\000e\000F\000i\000l\000e}{subsection.2.10.2}
\BOOKMARK [1][-]{section.2.11}{\376\377\000d\000t\000s\000Q\000u\000e\000u\000e\000.\000c\000\040\000F\000i\000l\000e\000\040\000R\000e\000f\000e\000r\000e\000n\000c\000e}{chapter.2}
\BOOKMARK [2][-]{subsection.2.11.1}{\376\377\000D\000e\000t\000a\000i\000l\000e\000d\000\040\000D\000e\000s\000c\000r\000i\000p\000t\000i\000o\000n}{section.2.11}
\BOOKMARK [1][-]{section.2.12}{\376\377\000d\000t\000s\000S\000o\000c\000k\000U\000t\000i\000l\000.\000c\000\040\000F\000i\000l\000e\000\040\000R\000e\000f\000e\000r\000e\000n\000c\000e}{chapter.2}
\BOOKMARK [2][-]{subsection.2.12.1}{\376\377\000D\000e\000t\000a\000i\000l\000e\000d\000\040\000D\000e\000s\000c\000r\000i\000p\000t\000i\000o\000n}{section.2.12}
\BOOKMARK [2][-]{subsection.2.12.2}{\376\377\000F\000u\000n\000c\000t\000i\000o\000n\000\040\000D\000o\000c\000u\000m\000e\000n\000t\000a\000t\000i\000o\000n}{section.2.12}
\BOOKMARK [3][-]{subsubsection.2.12.2.1}{\376\377\000d\000t\000s\000\137\000o\000p\000e\000n\000C\000l\000i\000e\000n\000t\000S\000o\000c\000k\000e\000t}{subsection.2.12.2}
\BOOKMARK [3][-]{subsubsection.2.12.2.2}{\376\377\000d\000t\000s\000\137\000o\000p\000e\000n\000S\000e\000r\000v\000e\000r\000S\000o\000c\000k\000e\000t}{subsection.2.12.2}
\BOOKMARK [1][-]{section.2.13}{\376\377\000d\000t\000s\000U\000t\000i\000l\000.\000c\000\040\000F\000i\000l\000e\000\040\000R\000e\000f\000e\000r\000e\000n\000c\000e}{chapter.2}
\BOOKMARK [2][-]{subsection.2.13.1}{\376\377\000D\000e\000t\000a\000i\000l\000e\000d\000\040\000D\000e\000s\000c\000r\000i\000p\000t\000i\000o\000n}{section.2.13}
\BOOKMARK [2][-]{subsection.2.13.2}{\376\377\000F\000u\000n\000c\000t\000i\000o\000n\000\040\000D\000o\000c\000u\000m\000e\000n\000t\000a\000t\000i\000o\000n}{section.2.13}
\BOOKMARK [3][-]{subsubsection.2.13.2.1}{\376\377\000a\000d\000d\000c\000h\000e\000c\000k\0003\0002}{subsection.2.13.2}
\BOOKMARK [3][-]{subsubsection.2.13.2.2}{\376\377\000c\000h\000e\000c\000k\000s\000u\000m}{subsection.2.13.2}
\BOOKMARK [3][-]{subsubsection.2.13.2.3}{\376\377\000d\000t\000s\000\137\000g\000e\000t\000L\000o\000c\000a\000l\000I\000P}{subsection.2.13.2}
\BOOKMARK [3][-]{subsubsection.2.13.2.4}{\376\377\000d\000t\000s\000\137\000s\000i\000g\000H\000a\000n\000d\000l\000e\000r}{subsection.2.13.2}
\BOOKMARK [3][-]{subsubsection.2.13.2.5}{\376\377\000d\000t\000s\000D\000a\000e\000m\000o\000n\000i\000z\000e}{subsection.2.13.2}
\BOOKMARK [3][-]{subsubsection.2.13.2.6}{\376\377\000d\000t\000s\000G\000e\000t\000s}{subsection.2.13.2}
\BOOKMARK [3][-]{subsubsection.2.13.2.7}{\376\377\000m\000e\000a\000s\000u\000r\000e\000\137\000s\000t\000o\000p}{subsection.2.13.2}
\BOOKMARK [3][-]{subsubsection.2.13.2.8}{\376\377\000t\000r\000a\000n\000s\000f\000e\000r\000M\000B}{subsection.2.13.2}
\BOOKMARK [3][-]{subsubsection.2.13.2.9}{\376\377\000t\000r\000a\000n\000s\000f\000e\000r\000M\000b}{subsection.2.13.2}
\BOOKMARK [2][-]{subsection.2.13.3}{\376\377\000V\000a\000r\000i\000a\000b\000l\000e\000\040\000D\000o\000c\000u\000m\000e\000n\000t\000a\000t\000i\000o\000n}{section.2.13}
\BOOKMARK [3][-]{subsubsection.2.13.3.1}{\376\377\000m\000e\000a\000s\000u\000r\000e\000\137\000s\000t\000a\000r\000t\000\137\000t\000v}{subsection.2.13.3}
