This file contains any messages produced by compilers while
running configure, to aid debugging if configure makes a mistake.

It was created by fuse configure 2.9.2, which was
generated by GNU Autoconf 2.63.  Invocation command line was

  $ ./configure --prefix=/home/fitz/dts/libfuse/../

## --------- ##
## Platform. ##
## --------- ##

hostname = tucana.tuc.noao.edu
uname -m = i686
uname -r = 2.6.18-194.17.1.el5
uname -s = Linux
uname -v = #1 SMP Wed Sep 29 12:51:33 EDT 2010

/usr/bin/uname -p = unknown
/bin/uname -X     = unknown

/bin/arch              = i686
/usr/bin/arch -k       = unknown
/usr/convex/getsysinfo = unknown
/usr/bin/hostinfo      = unknown
/bin/machine           = unknown
/usr/bin/oslevel       = unknown
/bin/universe          = unknown

PATH: /home/fitz/.iraf/bin
PATH: .
PATH: /home/fitz/bin
PATH: /usr/local/bin
PATH: /sbin
PATH: /usr/java/latest/bin
PATH: /usr/sbin
PATH: /usr/bin/X11
PATH: /etc/
PATH: usr/etc
PATH: /usr/lib
PATH: /home/fitz/.iraf/bin
PATH: .
PATH: /home/fitz/bin
PATH: /usr/local/bin
PATH: /sbin
PATH: /usr/java/latest/bin
PATH: /usr/sbin
PATH: /usr/bin/X11
PATH: /etc/
PATH: usr/etc
PATH: /usr/lib
PATH: /usr/lib/jvm/jre//bin
PATH: /usr/local/nvoss//bin
PATH: /usr/local/nvoss//java/apache-ant-1.7.1/bin
PATH: /usr/local/nvoss//python/bin
PATH: /usr/kerberos/bin
PATH: /usr/local/bin
PATH: /bin
PATH: /usr/bin
PATH: /usr/X11R6/bin
PATH: /home/fitz/dhs
PATH: /home/fitz/dhs/bin


## ----------- ##
## Core tests. ##
## ----------- ##

configure:1974: checking build system type
configure:1992: result: i686-intel-linux-gnu
configure:2014: checking host system type
configure:2029: result: i686-intel-linux-gnu
configure:2051: checking target system type
configure:2066: result: i686-intel-linux-gnu
configure:2110: checking for a BSD-compatible install
configure:2178: result: /usr/bin/install -c
configure:2189: checking whether build environment is sane
configure:2249: result: yes
configure:2390: checking for a thread-safe mkdir -p
configure:2429: result: /bin/mkdir -p
configure:2442: checking for gawk
configure:2458: found /bin/gawk
configure:2469: result: gawk
configure:2480: checking whether make sets $(MAKE)
configure:2502: result: yes
configure:2645: checking how to print strings
configure:2672: result: printf
configure:2705: checking for style of include used by make
configure:2733: result: GNU
configure:2803: checking for gcc
configure:2830: result: gcc -m32
configure:3062: checking for C compiler version
configure:3070: gcc -m32 --version >&5
gcc (GCC) 3.4.6 20060404 (Red Hat 3.4.6-4)
Copyright (C) 2006 Free Software Foundation, Inc.
This is free software; see the source for copying conditions.  There is NO
warranty; not even for MERCHANTABILITY or FITNESS FOR A PARTICULAR PURPOSE.

configure:3074: $? = 0
configure:3081: gcc -m32 -v >&5
Reading specs from /usr/lib/../lib/gcc/i386-redhat-linux/3.4.6/specs
Configured with: ../configure --prefix=/usr --mandir=/usr/share/man --infodir=/usr/share/info --enable-shared --enable-threads=posix --disable-checking --with-system-zlib --enable-__cxa_atexit --disable-libunwind-exceptions --enable-languages=c,c++,f77 --disable-libgcj --host=i386-redhat-linux
Thread model: posix
gcc version 3.4.6 20060404 (Red Hat 3.4.6-4)
configure:3085: $? = 0
configure:3092: gcc -m32 -V >&5
gcc: `-V' must come at the start of the command line
configure:3096: $? = 1
configure:3119: checking for C compiler default output file name
configure:3141: gcc -m32    conftest.c  >&5
configure:3145: $? = 0
configure:3183: result: a.out
configure:3202: checking whether the C compiler works
configure:3212: ./a.out
configure:3216: $? = 0
configure:3235: result: yes
configure:3242: checking whether we are cross compiling
configure:3244: result: no
configure:3247: checking for suffix of executables
configure:3254: gcc -m32 -o conftest    conftest.c  >&5
configure:3258: $? = 0
configure:3284: result: 
configure:3290: checking for suffix of object files
configure:3316: gcc -m32 -c   conftest.c >&5
configure:3320: $? = 0
configure:3345: result: o
configure:3349: checking whether we are using the GNU C compiler
configure:3378: gcc -m32 -c   conftest.c >&5
configure:3385: $? = 0
configure:3402: result: yes
configure:3411: checking whether gcc -m32 accepts -g
configure:3441: gcc -m32 -c -g  conftest.c >&5
configure:3448: $? = 0
configure:3549: result: yes
configure:3566: checking for gcc -m32 option to accept ISO C89
configure:3640: gcc -m32  -c -g -O2  conftest.c >&5
configure:3647: $? = 0
configure:3670: result: none needed
configure:3690: checking dependency style of gcc -m32
configure:3800: result: gcc3
configure:3815: checking for a sed that does not truncate output
configure:3881: result: /bin/sed
configure:3899: checking for grep that handles long lines and -e
configure:3959: result: /bin/grep
configure:3964: checking for egrep
configure:4028: result: /bin/grep -E
configure:4033: checking for fgrep
configure:4097: result: /bin/grep -F
configure:4132: checking for ld used by gcc -m32
configure:4199: result: /usr/bin/ld
configure:4208: checking if the linker (/usr/bin/ld) is GNU ld
configure:4223: result: yes
configure:4235: checking for BSD- or MS-compatible name lister (nm)
configure:4284: result: /usr/bin/nm -B
configure:4414: checking the name lister (/usr/bin/nm -B) interface
configure:4421: gcc -m32 -c -g -O2  conftest.c >&5
configure:4424: /usr/bin/nm -B "conftest.o"
configure:4427: output
00000000 B some_variable
configure:4434: result: BSD nm
configure:4437: checking whether ln -s works
configure:4441: result: yes
configure:4449: checking the maximum length of command line arguments
configure:4574: result: 98304
configure:4591: checking whether the shell understands some XSI constructs
configure:4601: result: yes
configure:4605: checking whether the shell understands "+="
configure:4611: result: yes
configure:4646: checking how to convert i686-intel-linux-gnu file names to i686-intel-linux-gnu format
configure:4686: result: func_convert_file_noop
configure:4693: checking how to convert i686-intel-linux-gnu file names to toolchain format
configure:4713: result: func_convert_file_noop
configure:4720: checking for /usr/bin/ld option to reload object files
configure:4727: result: -r
configure:4801: checking for objdump
configure:4817: found /usr/bin/objdump
configure:4828: result: objdump
configure:4860: checking how to recognize dependent libraries
configure:5062: result: pass_all
configure:5147: checking for dlltool
configure:5177: result: no
configure:5207: checking how to associate runtime and link libraries
configure:5234: result: printf %s\n
configure:5295: checking for ar
configure:5311: found /usr/bin/ar
configure:5322: result: ar
configure:5359: checking for archiver @FILE support
configure:5386: gcc -m32 -c -g -O2  conftest.c >&5
configure:5393: $? = 0
configure:5400: ar cru libconftest.a @conftest.lst >&5
configure:5403: $? = 0
configure:5408: ar cru libconftest.a @conftest.lst >&5
ar: conftest.o: No such file or directory
configure:5411: $? = 1
configure:5429: result: @
configure:5487: checking for strip
configure:5503: found /usr/bin/strip
configure:5514: result: strip
configure:5586: checking for ranlib
configure:5613: result: ranlib
configure:5715: checking command to parse /usr/bin/nm -B output from gcc -m32 object
configure:5834: gcc -m32 -c -g -O2  conftest.c >&5
configure:5837: $? = 0
configure:5841: /usr/bin/nm -B conftest.o \| sed -n -e 's/^.*[ ]\([ABCDGIRSTW][ABCDGIRSTW]*\)[ ][ ]*\([_A-Za-z][_A-Za-z0-9]*\)$/\1 \2 \2/p' | sed '/ __gnu_lto/d' \> conftest.nm
configure:5844: $? = 0
configure:5910: gcc -m32 -o conftest -g -O2   conftest.c conftstm.o >&5
configure:5913: $? = 0
configure:5951: result: ok
configure:5988: checking for sysroot
configure:6020: result: no
configure:6292: checking for mt
configure:6322: result: no
configure:6342: checking if : is a manifest tool
configure:6348: : '-?'
configure:6356: result: no
configure:7017: checking how to run the C preprocessor
configure:7057: gcc -m32 -E  conftest.c
configure:7064: $? = 0
configure:7095: gcc -m32 -E  conftest.c
conftest.c:10:28: ac_nonexistent.h: No such file or directory
configure:7102: $? = 1
configure: failed program was:
| /* confdefs.h.  */
| #define PACKAGE_NAME "fuse"
| #define PACKAGE_TARNAME "fuse"
| #define PACKAGE_VERSION "2.9.2"
| #define PACKAGE_STRING "fuse 2.9.2"
| #define PACKAGE_BUGREPORT ""
| #define PACKAGE "fuse"
| #define VERSION "2.9.2"
| /* end confdefs.h.  */
| #include <ac_nonexistent.h>
configure:7135: result: gcc -m32 -E
configure:7164: gcc -m32 -E  conftest.c
configure:7171: $? = 0
configure:7202: gcc -m32 -E  conftest.c
conftest.c:10:28: ac_nonexistent.h: No such file or directory
configure:7209: $? = 1
configure: failed program was:
| /* confdefs.h.  */
| #define PACKAGE_NAME "fuse"
| #define PACKAGE_TARNAME "fuse"
| #define PACKAGE_VERSION "2.9.2"
| #define PACKAGE_STRING "fuse 2.9.2"
| #define PACKAGE_BUGREPORT ""
| #define PACKAGE "fuse"
| #define VERSION "2.9.2"
| /* end confdefs.h.  */
| #include <ac_nonexistent.h>
configure:7249: checking for ANSI C header files
configure:7279: gcc -m32 -c -g -O2  conftest.c >&5
configure:7286: $? = 0
configure:7385: gcc -m32 -o conftest -g -O2   conftest.c  >&5
configure:7389: $? = 0
configure:7395: ./conftest
configure:7399: $? = 0
configure:7417: result: yes
configure:7441: checking for sys/types.h
configure:7462: gcc -m32 -c -g -O2  conftest.c >&5
configure:7469: $? = 0
configure:7486: result: yes
configure:7441: checking for sys/stat.h
configure:7462: gcc -m32 -c -g -O2  conftest.c >&5
configure:7469: $? = 0
configure:7486: result: yes
configure:7441: checking for stdlib.h
configure:7462: gcc -m32 -c -g -O2  conftest.c >&5
configure:7469: $? = 0
configure:7486: result: yes
configure:7441: checking for string.h
configure:7462: gcc -m32 -c -g -O2  conftest.c >&5
configure:7469: $? = 0
configure:7486: result: yes
configure:7441: checking for memory.h
configure:7462: gcc -m32 -c -g -O2  conftest.c >&5
configure:7469: $? = 0
configure:7486: result: yes
configure:7441: checking for strings.h
configure:7462: gcc -m32 -c -g -O2  conftest.c >&5
configure:7469: $? = 0
configure:7486: result: yes
configure:7441: checking for inttypes.h
configure:7462: gcc -m32 -c -g -O2  conftest.c >&5
configure:7469: $? = 0
configure:7486: result: yes
configure:7441: checking for stdint.h
configure:7462: gcc -m32 -c -g -O2  conftest.c >&5
configure:7469: $? = 0
configure:7486: result: yes
configure:7441: checking for unistd.h
configure:7462: gcc -m32 -c -g -O2  conftest.c >&5
configure:7469: $? = 0
configure:7486: result: yes
configure:7504: checking for dlfcn.h
configure:7525: gcc -m32 -c -g -O2  conftest.c >&5
configure:7532: $? = 0
configure:7549: result: yes
configure:7738: checking for objdir
configure:7753: result: .libs
configure:8024: checking if gcc -m32 supports -fno-rtti -fno-exceptions
configure:8042: gcc -m32 -c -g -O2  -fno-rtti -fno-exceptions conftest.c >&5
cc1: warning: command line option "-fno-rtti" is valid for C++/ObjC++ but not for C
configure:8046: $? = 0
configure:8059: result: no
configure:8369: checking for gcc -m32 option to produce PIC
configure:8376: result: -fPIC -DPIC
configure:8384: checking if gcc -m32 PIC flag -fPIC -DPIC works
configure:8402: gcc -m32 -c -g -O2  -fPIC -DPIC -DPIC conftest.c >&5
configure:8406: $? = 0
configure:8419: result: yes
configure:8448: checking if gcc -m32 static flag -static works
configure:8476: result: yes
configure:8491: checking if gcc -m32 supports -c -o file.o
configure:8512: gcc -m32 -c -g -O2  -o out/conftest2.o conftest.c >&5
configure:8516: $? = 0
configure:8538: result: yes
configure:8546: checking if gcc -m32 supports -c -o file.o
configure:8593: result: yes
configure:8626: checking whether the gcc -m32 linker (/usr/bin/ld) supports shared libraries
configure:9875: result: yes
configure:9912: checking whether -lc should be explicitly linked in
configure:9920: gcc -m32 -c -g -O2  conftest.c >&5
configure:9923: $? = 0
configure:9938: gcc -m32 -shared  -fPIC -DPIC conftest.o  -v -Wl,-soname -Wl,conftest -o conftest 2\>\&1 \| /bin/grep  -lc  \>/dev/null 2\>\&1
configure:9941: $? = 0
configure:9955: result: no
configure:10120: checking dynamic linker characteristics
configure:10644: gcc -m32 -o conftest -g -O2   -Wl,-rpath -Wl,/foo conftest.c  >&5
configure:10651: $? = 0
configure:10888: result: GNU/Linux ld.so
configure:10995: checking how to hardcode library paths into programs
configure:11020: result: immediate
configure:11873: checking whether stripping libraries is possible
configure:11878: result: yes
configure:11913: checking if libtool supports shared libraries
configure:11915: result: yes
configure:11918: checking whether to build shared libraries
configure:11939: result: yes
configure:11942: checking whether to build static libraries
configure:11946: result: yes
configure:12029: checking for gcc
configure:12056: result: gcc -m32
configure:12288: checking for C compiler version
configure:12296: gcc -m32 --version >&5
gcc (GCC) 3.4.6 20060404 (Red Hat 3.4.6-4)
Copyright (C) 2006 Free Software Foundation, Inc.
This is free software; see the source for copying conditions.  There is NO
warranty; not even for MERCHANTABILITY or FITNESS FOR A PARTICULAR PURPOSE.

configure:12300: $? = 0
configure:12307: gcc -m32 -v >&5
Reading specs from /usr/lib/../lib/gcc/i386-redhat-linux/3.4.6/specs
Configured with: ../configure --prefix=/usr --mandir=/usr/share/man --infodir=/usr/share/info --enable-shared --enable-threads=posix --disable-checking --with-system-zlib --enable-__cxa_atexit --disable-libunwind-exceptions --enable-languages=c,c++,f77 --disable-libgcj --host=i386-redhat-linux
Thread model: posix
gcc version 3.4.6 20060404 (Red Hat 3.4.6-4)
configure:12311: $? = 0
configure:12318: gcc -m32 -V >&5
gcc: `-V' must come at the start of the command line
configure:12322: $? = 1
configure:12325: checking whether we are using the GNU C compiler
configure:12378: result: yes
configure:12387: checking whether gcc -m32 accepts -g
configure:12525: result: yes
configure:12542: checking for gcc -m32 option to accept ISO C89
configure:12646: result: none needed
configure:12666: checking dependency style of gcc -m32
configure:12776: result: gcc3
configure:12791: checking for a thread-safe mkdir -p
configure:12830: result: /bin/mkdir -p
configure:12834: checking whether gcc -m32 and cc understand -c and -o together
configure:12869: gcc -m32 -c conftest.c -o conftest2.o >&5
configure:12873: $? = 0
configure:12879: gcc -m32 -c conftest.c -o conftest2.o >&5
configure:12883: $? = 0
configure:12894: cc -c conftest.c >&5
configure:12898: $? = 0
configure:12906: cc -c conftest.c -o conftest2.o >&5
configure:12910: $? = 0
configure:12916: cc -c conftest.c -o conftest2.o >&5
configure:12920: $? = 0
configure:12938: result: yes
configure:13036: checking for fork
configure:13092: gcc -m32 -o conftest -Wall -W -Wno-sign-compare -Wstrict-prototypes -Wmissing-declarations -Wwrite-strings -g -O2 -fno-strict-aliasing   conftest.c  >&5
conftest.c:45: warning: function declaration isn't a prototype
conftest.c:55: warning: function declaration isn't a prototype
configure:13099: $? = 0
configure:13121: result: yes
configure:13036: checking for setxattr
configure:13092: gcc -m32 -o conftest -Wall -W -Wno-sign-compare -Wstrict-prototypes -Wmissing-declarations -Wwrite-strings -g -O2 -fno-strict-aliasing   conftest.c  >&5
conftest.c:46: warning: function declaration isn't a prototype
conftest.c:56: warning: function declaration isn't a prototype
configure:13099: $? = 0
configure:13121: result: yes
configure:13036: checking for fdatasync
configure:13092: gcc -m32 -o conftest -Wall -W -Wno-sign-compare -Wstrict-prototypes -Wmissing-declarations -Wwrite-strings -g -O2 -fno-strict-aliasing   conftest.c  >&5
conftest.c:47: warning: function declaration isn't a prototype
conftest.c:57: warning: function declaration isn't a prototype
configure:13099: $? = 0
configure:13121: result: yes
configure:13036: checking for splice
configure:13092: gcc -m32 -o conftest -Wall -W -Wno-sign-compare -Wstrict-prototypes -Wmissing-declarations -Wwrite-strings -g -O2 -fno-strict-aliasing   conftest.c  >&5
conftest.c:48: warning: function declaration isn't a prototype
conftest.c:58: warning: function declaration isn't a prototype
configure:13099: $? = 0
configure:13121: result: yes
configure:13036: checking for vmsplice
configure:13092: gcc -m32 -o conftest -Wall -W -Wno-sign-compare -Wstrict-prototypes -Wmissing-declarations -Wwrite-strings -g -O2 -fno-strict-aliasing   conftest.c  >&5
conftest.c:49: warning: function declaration isn't a prototype
conftest.c:59: warning: function declaration isn't a prototype
configure:13099: $? = 0
configure:13121: result: yes
configure:13036: checking for utimensat
configure:13092: gcc -m32 -o conftest -Wall -W -Wno-sign-compare -Wstrict-prototypes -Wmissing-declarations -Wwrite-strings -g -O2 -fno-strict-aliasing   conftest.c  >&5
conftest.c:50: warning: function declaration isn't a prototype
conftest.c:60: warning: function declaration isn't a prototype
/tmp/ccOmG8IF.o: In function `main':
/home/fitz/dts/libfuse/conftest.c:61: undefined reference to `utimensat'
collect2: ld returned 1 exit status
configure:13099: $? = 1
configure: failed program was:
| /* confdefs.h.  */
| #define PACKAGE_NAME "fuse"
| #define PACKAGE_TARNAME "fuse"
| #define PACKAGE_VERSION "2.9.2"
| #define PACKAGE_STRING "fuse 2.9.2"
| #define PACKAGE_BUGREPORT ""
| #define PACKAGE "fuse"
| #define VERSION "2.9.2"
| #define STDC_HEADERS 1
| #define HAVE_SYS_TYPES_H 1
| #define HAVE_SYS_STAT_H 1
| #define HAVE_STDLIB_H 1
| #define HAVE_STRING_H 1
| #define HAVE_MEMORY_H 1
| #define HAVE_STRINGS_H 1
| #define HAVE_INTTYPES_H 1
| #define HAVE_STDINT_H 1
| #define HAVE_UNISTD_H 1
| #define HAVE_DLFCN_H 1
| #define LT_OBJDIR ".libs/"
| #define HAVE_FORK 1
| #define HAVE_SETXATTR 1
| #define HAVE_FDATASYNC 1
| #define HAVE_SPLICE 1
| #define HAVE_VMSPLICE 1
| /* end confdefs.h.  */
| /* Define utimensat to an innocuous variant, in case <limits.h> declares utimensat.
|    For example, HP-UX 11i <limits.h> declares gettimeofday.  */
| #define utimensat innocuous_utimensat
| 
| /* System header to define __stub macros and hopefully few prototypes,
|     which can conflict with char utimensat (); below.
|     Prefer <limits.h> to <assert.h> if __STDC__ is defined, since
|     <limits.h> exists even on freestanding compilers.  */
| 
| #ifdef __STDC__
| # include <limits.h>
| #else
| # include <assert.h>
| #endif
| 
| #undef utimensat
| 
| /* Override any GCC internal prototype to avoid an error.
|    Use char because int might match the return type of a GCC
|    builtin and then its argument prototype would still apply.  */
| #ifdef __cplusplus
| extern "C"
| #endif
| char utimensat ();
| /* The GNU C library defines this for functions which it implements
|     to always fail with ENOSYS.  Some functions are actually named
|     something starting with __ and the normal name is an alias.  */
| #if defined __stub_utimensat || defined __stub___utimensat
| choke me
| #endif
| 
| int
| main ()
| {
| return utimensat ();
|   ;
|   return 0;
| }
configure:13121: result: no
configure:13137: checking for posix_fallocate
configure:13193: gcc -m32 -o conftest -Wall -W -Wno-sign-compare -Wstrict-prototypes -Wmissing-declarations -Wwrite-strings -g -O2 -fno-strict-aliasing   conftest.c  >&5
conftest.c:50: warning: function declaration isn't a prototype
conftest.c:60: warning: function declaration isn't a prototype
configure:13200: $? = 0
configure:13222: result: yes
configure:13234: checking for struct stat.st_atim
configure:13262: gcc -m32 -c -Wall -W -Wno-sign-compare -Wstrict-prototypes -Wmissing-declarations -Wwrite-strings -g -O2 -fno-strict-aliasing  conftest.c >&5
conftest.c:63: warning: function declaration isn't a prototype
conftest.c: In function `main':
conftest.c:65: error: invalid operands to binary !=
configure:13269: $? = 1
configure: failed program was:
| /* confdefs.h.  */
| #define PACKAGE_NAME "fuse"
| #define PACKAGE_TARNAME "fuse"
| #define PACKAGE_VERSION "2.9.2"
| #define PACKAGE_STRING "fuse 2.9.2"
| #define PACKAGE_BUGREPORT ""
| #define PACKAGE "fuse"
| #define VERSION "2.9.2"
| #define STDC_HEADERS 1
| #define HAVE_SYS_TYPES_H 1
| #define HAVE_SYS_STAT_H 1
| #define HAVE_STDLIB_H 1
| #define HAVE_STRING_H 1
| #define HAVE_MEMORY_H 1
| #define HAVE_STRINGS_H 1
| #define HAVE_INTTYPES_H 1
| #define HAVE_STDINT_H 1
| #define HAVE_UNISTD_H 1
| #define HAVE_DLFCN_H 1
| #define LT_OBJDIR ".libs/"
| #define HAVE_FORK 1
| #define HAVE_SETXATTR 1
| #define HAVE_FDATASYNC 1
| #define HAVE_SPLICE 1
| #define HAVE_VMSPLICE 1
| #define HAVE_POSIX_FALLOCATE 1
| /* end confdefs.h.  */
| #include <stdio.h>
| #ifdef HAVE_SYS_TYPES_H
| # include <sys/types.h>
| #endif
| #ifdef HAVE_SYS_STAT_H
| # include <sys/stat.h>
| #endif
| #ifdef STDC_HEADERS
| # include <stdlib.h>
| # include <stddef.h>
| #else
| # ifdef HAVE_STDLIB_H
| #  include <stdlib.h>
| # endif
| #endif
| #ifdef HAVE_STRING_H
| # if !defined STDC_HEADERS && defined HAVE_MEMORY_H
| #  include <memory.h>
| # endif
| # include <string.h>
| #endif
| #ifdef HAVE_STRINGS_H
| # include <strings.h>
| #endif
| #ifdef HAVE_INTTYPES_H
| # include <inttypes.h>
| #endif
| #ifdef HAVE_STDINT_H
| # include <stdint.h>
| #endif
| #ifdef HAVE_UNISTD_H
| # include <unistd.h>
| #endif
| int
| main ()
| {
| static struct stat ac_aggr;
| if (ac_aggr.st_atim)
| return 0;
|   ;
|   return 0;
| }
configure:13302: gcc -m32 -c -Wall -W -Wno-sign-compare -Wstrict-prototypes -Wmissing-declarations -Wwrite-strings -g -O2 -fno-strict-aliasing  conftest.c >&5
conftest.c:63: warning: function declaration isn't a prototype
configure:13309: $? = 0
configure:13327: result: yes
configure:13338: checking for struct stat.st_atimespec
configure:13366: gcc -m32 -c -Wall -W -Wno-sign-compare -Wstrict-prototypes -Wmissing-declarations -Wwrite-strings -g -O2 -fno-strict-aliasing  conftest.c >&5
conftest.c:64: warning: function declaration isn't a prototype
conftest.c: In function `main':
conftest.c:66: error: structure has no member named `st_atimespec'
configure:13373: $? = 1
configure: failed program was:
| /* confdefs.h.  */
| #define PACKAGE_NAME "fuse"
| #define PACKAGE_TARNAME "fuse"
| #define PACKAGE_VERSION "2.9.2"
| #define PACKAGE_STRING "fuse 2.9.2"
| #define PACKAGE_BUGREPORT ""
| #define PACKAGE "fuse"
| #define VERSION "2.9.2"
| #define STDC_HEADERS 1
| #define HAVE_SYS_TYPES_H 1
| #define HAVE_SYS_STAT_H 1
| #define HAVE_STDLIB_H 1
| #define HAVE_STRING_H 1
| #define HAVE_MEMORY_H 1
| #define HAVE_STRINGS_H 1
| #define HAVE_INTTYPES_H 1
| #define HAVE_STDINT_H 1
| #define HAVE_UNISTD_H 1
| #define HAVE_DLFCN_H 1
| #define LT_OBJDIR ".libs/"
| #define HAVE_FORK 1
| #define HAVE_SETXATTR 1
| #define HAVE_FDATASYNC 1
| #define HAVE_SPLICE 1
| #define HAVE_VMSPLICE 1
| #define HAVE_POSIX_FALLOCATE 1
| #define HAVE_STRUCT_STAT_ST_ATIM 1
| /* end confdefs.h.  */
| #include <stdio.h>
| #ifdef HAVE_SYS_TYPES_H
| # include <sys/types.h>
| #endif
| #ifdef HAVE_SYS_STAT_H
| # include <sys/stat.h>
| #endif
| #ifdef STDC_HEADERS
| # include <stdlib.h>
| # include <stddef.h>
| #else
| # ifdef HAVE_STDLIB_H
| #  include <stdlib.h>
| # endif
| #endif
| #ifdef HAVE_STRING_H
| # if !defined STDC_HEADERS && defined HAVE_MEMORY_H
| #  include <memory.h>
| # endif
| # include <string.h>
| #endif
| #ifdef HAVE_STRINGS_H
| # include <strings.h>
| #endif
| #ifdef HAVE_INTTYPES_H
| # include <inttypes.h>
| #endif
| #ifdef HAVE_STDINT_H
| # include <stdint.h>
| #endif
| #ifdef HAVE_UNISTD_H
| # include <unistd.h>
| #endif
| int
| main ()
| {
| static struct stat ac_aggr;
| if (ac_aggr.st_atimespec)
| return 0;
|   ;
|   return 0;
| }
configure:13406: gcc -m32 -c -Wall -W -Wno-sign-compare -Wstrict-prototypes -Wmissing-declarations -Wwrite-strings -g -O2 -fno-strict-aliasing  conftest.c >&5
conftest.c:64: warning: function declaration isn't a prototype
conftest.c: In function `main':
conftest.c:66: error: structure has no member named `st_atimespec'
configure:13413: $? = 1
configure: failed program was:
| /* confdefs.h.  */
| #define PACKAGE_NAME "fuse"
| #define PACKAGE_TARNAME "fuse"
| #define PACKAGE_VERSION "2.9.2"
| #define PACKAGE_STRING "fuse 2.9.2"
| #define PACKAGE_BUGREPORT ""
| #define PACKAGE "fuse"
| #define VERSION "2.9.2"
| #define STDC_HEADERS 1
| #define HAVE_SYS_TYPES_H 1
| #define HAVE_SYS_STAT_H 1
| #define HAVE_STDLIB_H 1
| #define HAVE_STRING_H 1
| #define HAVE_MEMORY_H 1
| #define HAVE_STRINGS_H 1
| #define HAVE_INTTYPES_H 1
| #define HAVE_STDINT_H 1
| #define HAVE_UNISTD_H 1
| #define HAVE_DLFCN_H 1
| #define LT_OBJDIR ".libs/"
| #define HAVE_FORK 1
| #define HAVE_SETXATTR 1
| #define HAVE_FDATASYNC 1
| #define HAVE_SPLICE 1
| #define HAVE_VMSPLICE 1
| #define HAVE_POSIX_FALLOCATE 1
| #define HAVE_STRUCT_STAT_ST_ATIM 1
| /* end confdefs.h.  */
| #include <stdio.h>
| #ifdef HAVE_SYS_TYPES_H
| # include <sys/types.h>
| #endif
| #ifdef HAVE_SYS_STAT_H
| # include <sys/stat.h>
| #endif
| #ifdef STDC_HEADERS
| # include <stdlib.h>
| # include <stddef.h>
| #else
| # ifdef HAVE_STDLIB_H
| #  include <stdlib.h>
| # endif
| #endif
| #ifdef HAVE_STRING_H
| # if !defined STDC_HEADERS && defined HAVE_MEMORY_H
| #  include <memory.h>
| # endif
| # include <string.h>
| #endif
| #ifdef HAVE_STRINGS_H
| # include <strings.h>
| #endif
| #ifdef HAVE_INTTYPES_H
| # include <inttypes.h>
| #endif
| #ifdef HAVE_STDINT_H
| # include <stdint.h>
| #endif
| #ifdef HAVE_UNISTD_H
| # include <unistd.h>
| #endif
| int
| main ()
| {
| static struct stat ac_aggr;
| if (sizeof ac_aggr.st_atimespec)
| return 0;
|   ;
|   return 0;
| }
configure:13431: result: no
configure:13444: checking for library containing dlopen
configure:13485: gcc -m32 -o conftest -Wall -W -Wno-sign-compare -Wstrict-prototypes -Wmissing-declarations -Wwrite-strings -g -O2 -fno-strict-aliasing   conftest.c  >&5
conftest.c:36: warning: function declaration isn't a prototype
conftest.c:39: warning: function declaration isn't a prototype
/tmp/cc4bz1FL.o: In function `main':
/home/fitz/dts/libfuse/conftest.c:40: undefined reference to `dlopen'
collect2: ld returned 1 exit status
configure:13492: $? = 1
configure: failed program was:
| /* confdefs.h.  */
| #define PACKAGE_NAME "fuse"
| #define PACKAGE_TARNAME "fuse"
| #define PACKAGE_VERSION "2.9.2"
| #define PACKAGE_STRING "fuse 2.9.2"
| #define PACKAGE_BUGREPORT ""
| #define PACKAGE "fuse"
| #define VERSION "2.9.2"
| #define STDC_HEADERS 1
| #define HAVE_SYS_TYPES_H 1
| #define HAVE_SYS_STAT_H 1
| #define HAVE_STDLIB_H 1
| #define HAVE_STRING_H 1
| #define HAVE_MEMORY_H 1
| #define HAVE_STRINGS_H 1
| #define HAVE_INTTYPES_H 1
| #define HAVE_STDINT_H 1
| #define HAVE_UNISTD_H 1
| #define HAVE_DLFCN_H 1
| #define LT_OBJDIR ".libs/"
| #define HAVE_FORK 1
| #define HAVE_SETXATTR 1
| #define HAVE_FDATASYNC 1
| #define HAVE_SPLICE 1
| #define HAVE_VMSPLICE 1
| #define HAVE_POSIX_FALLOCATE 1
| #define HAVE_STRUCT_STAT_ST_ATIM 1
| /* end confdefs.h.  */
| 
| /* Override any GCC internal prototype to avoid an error.
|    Use char because int might match the return type of a GCC
|    builtin and then its argument prototype would still apply.  */
| #ifdef __cplusplus
| extern "C"
| #endif
| char dlopen ();
| int
| main ()
| {
| return dlopen ();
|   ;
|   return 0;
| }
configure:13485: gcc -m32 -o conftest -Wall -W -Wno-sign-compare -Wstrict-prototypes -Wmissing-declarations -Wwrite-strings -g -O2 -fno-strict-aliasing   conftest.c -ldl   >&5
conftest.c:36: warning: function declaration isn't a prototype
conftest.c:39: warning: function declaration isn't a prototype
configure:13492: $? = 0
configure:13523: result: -ldl
configure:13531: checking for library containing clock_gettime
configure:13572: gcc -m32 -o conftest -Wall -W -Wno-sign-compare -Wstrict-prototypes -Wmissing-declarations -Wwrite-strings -g -O2 -fno-strict-aliasing   conftest.c -ldl  >&5
conftest.c:36: warning: function declaration isn't a prototype
conftest.c:39: warning: function declaration isn't a prototype
/tmp/cciAWFu8.o: In function `main':
/home/fitz/dts/libfuse/conftest.c:40: undefined reference to `clock_gettime'
collect2: ld returned 1 exit status
configure:13579: $? = 1
configure: failed program was:
| /* confdefs.h.  */
| #define PACKAGE_NAME "fuse"
| #define PACKAGE_TARNAME "fuse"
| #define PACKAGE_VERSION "2.9.2"
| #define PACKAGE_STRING "fuse 2.9.2"
| #define PACKAGE_BUGREPORT ""
| #define PACKAGE "fuse"
| #define VERSION "2.9.2"
| #define STDC_HEADERS 1
| #define HAVE_SYS_TYPES_H 1
| #define HAVE_SYS_STAT_H 1
| #define HAVE_STDLIB_H 1
| #define HAVE_STRING_H 1
| #define HAVE_MEMORY_H 1
| #define HAVE_STRINGS_H 1
| #define HAVE_INTTYPES_H 1
| #define HAVE_STDINT_H 1
| #define HAVE_UNISTD_H 1
| #define HAVE_DLFCN_H 1
| #define LT_OBJDIR ".libs/"
| #define HAVE_FORK 1
| #define HAVE_SETXATTR 1
| #define HAVE_FDATASYNC 1
| #define HAVE_SPLICE 1
| #define HAVE_VMSPLICE 1
| #define HAVE_POSIX_FALLOCATE 1
| #define HAVE_STRUCT_STAT_ST_ATIM 1
| /* end confdefs.h.  */
| 
| /* Override any GCC internal prototype to avoid an error.
|    Use char because int might match the return type of a GCC
|    builtin and then its argument prototype would still apply.  */
| #ifdef __cplusplus
| extern "C"
| #endif
| char clock_gettime ();
| int
| main ()
| {
| return clock_gettime ();
|   ;
|   return 0;
| }
configure:13572: gcc -m32 -o conftest -Wall -W -Wno-sign-compare -Wstrict-prototypes -Wmissing-declarations -Wwrite-strings -g -O2 -fno-strict-aliasing   conftest.c -lrt  -ldl  >&5
conftest.c:36: warning: function declaration isn't a prototype
conftest.c:39: warning: function declaration isn't a prototype
configure:13579: $? = 0
configure:13610: result: -lrt
configure:13671: checking for ld used by GCC
configure:13735: result: /usr/bin/ld
configure:13744: checking if the linker (/usr/bin/ld) is GNU ld
configure:13757: result: yes
configure:13764: checking for shared library run path origin
configure:13777: result: done
configure:14285: checking for iconv
configure:14317: gcc -m32 -o conftest -Wall -W -Wno-sign-compare -Wstrict-prototypes -Wmissing-declarations -Wwrite-strings -g -O2 -fno-strict-aliasing   conftest.c  >&5
conftest.c:33: warning: function declaration isn't a prototype
configure:14324: $? = 0
configure:14401: result: yes
configure:14404: checking for working iconv
configure:14490: gcc -m32 -o conftest -Wall -W -Wno-sign-compare -Wstrict-prototypes -Wmissing-declarations -Wwrite-strings -g -O2 -fno-strict-aliasing   conftest.c  >&5
conftest.c:33: warning: function declaration isn't a prototype
configure:14494: $? = 0
configure:14500: ./conftest
configure:14504: $? = 0
configure:14523: result: yes
configure:14553: checking for iconv declaration
configure:14592: gcc -m32 -c -Wall -W -Wno-sign-compare -Wstrict-prototypes -Wmissing-declarations -Wwrite-strings -g -O2 -fno-strict-aliasing  conftest.c >&5
conftest.c:45: warning: function declaration isn't a prototype
configure:14599: $? = 0
configure:14618: result: 
         extern size_t iconv (iconv_t cd, char * *inbuf, size_t *inbytesleft, char * *outbuf, size_t *outbytesleft);
configure:14681: checking if umount supports --fake --no-canonicalize
configure:14690: result: umount: unrecognized option `--fake'
configure:14857: creating ./config.status

## ---------------------- ##
## Running config.status. ##
## ---------------------- ##

This file was extended by fuse config.status 2.9.2, which was
generated by GNU Autoconf 2.63.  Invocation command line was

  CONFIG_FILES    = 
  CONFIG_HEADERS  = 
  CONFIG_LINKS    = 
  CONFIG_COMMANDS = 
  $ ./config.status 

on tucana.tuc.noao.edu

config.status:1036: creating fuse.pc
config.status:1036: creating Makefile
config.status:1036: creating lib/Makefile
config.status:1036: creating util/Makefile
config.status:1036: creating example/Makefile
config.status:1036: creating include/Makefile
config.status:1036: creating doc/Makefile
config.status:1036: creating include/config.h
config.status:1258: include/config.h is unchanged
config.status:1310: executing depfiles commands
config.status:1310: executing libtool commands
configure:17114: WARNING:
******************************************************************
* Please install util-linux version 2.18 or later which supports *
* --fake and --no-canonicalize options in mount and umount       *
******************************************************************

## ---------------- ##
## Cache variables. ##
## ---------------- ##

ac_cv_build=i686-intel-linux-gnu
ac_cv_c_compiler_gnu=yes
ac_cv_env_CC_set=set
ac_cv_env_CC_value='gcc -m32'
ac_cv_env_CFLAGS_set=
ac_cv_env_CFLAGS_value=
ac_cv_env_CPPFLAGS_set=
ac_cv_env_CPPFLAGS_value=
ac_cv_env_CPP_set=
ac_cv_env_CPP_value=
ac_cv_env_LDFLAGS_set=
ac_cv_env_LDFLAGS_value=
ac_cv_env_LIBS_set=
ac_cv_env_LIBS_value=
ac_cv_env_build_alias_set=
ac_cv_env_build_alias_value=
ac_cv_env_host_alias_set=
ac_cv_env_host_alias_value=
ac_cv_env_target_alias_set=
ac_cv_env_target_alias_value=
ac_cv_func_fdatasync=yes
ac_cv_func_fork=yes
ac_cv_func_posix_fallocate=yes
ac_cv_func_setxattr=yes
ac_cv_func_splice=yes
ac_cv_func_utimensat=no
ac_cv_func_vmsplice=yes
ac_cv_header_dlfcn_h=yes
ac_cv_header_inttypes_h=yes
ac_cv_header_memory_h=yes
ac_cv_header_stdc=yes
ac_cv_header_stdint_h=yes
ac_cv_header_stdlib_h=yes
ac_cv_header_string_h=yes
ac_cv_header_strings_h=yes
ac_cv_header_sys_stat_h=yes
ac_cv_header_sys_types_h=yes
ac_cv_header_unistd_h=yes
ac_cv_host=i686-intel-linux-gnu
ac_cv_member_struct_stat_st_atim=yes
ac_cv_member_struct_stat_st_atimespec=no
ac_cv_objext=o
ac_cv_path_EGREP='/bin/grep -E'
ac_cv_path_FGREP='/bin/grep -F'
ac_cv_path_GREP=/bin/grep
ac_cv_path_SED=/bin/sed
ac_cv_path_install='/usr/bin/install -c'
ac_cv_path_mkdir=/bin/mkdir
ac_cv_prog_AWK=gawk
ac_cv_prog_CPP='gcc -m32 -E'
ac_cv_prog_ac_ct_AR=ar
ac_cv_prog_ac_ct_CC='gcc -m32'
ac_cv_prog_ac_ct_OBJDUMP=objdump
ac_cv_prog_ac_ct_RANLIB=ranlib
ac_cv_prog_ac_ct_STRIP=strip
ac_cv_prog_cc_c89=
ac_cv_prog_cc_g=yes
ac_cv_prog_cc_gcc_c_o=yes
ac_cv_prog_make_make_set=yes
ac_cv_search_clock_gettime=-lrt
ac_cv_search_dlopen=-ldl
ac_cv_target=i686-intel-linux-gnu
acl_cv_hardcode_direct=no
acl_cv_hardcode_libdir_flag_spec='${wl}-rpath ${wl}$libdir'
acl_cv_hardcode_libdir_separator=
acl_cv_hardcode_minus_L=no
acl_cv_libext=a
acl_cv_libname_spec='lib$name'
acl_cv_library_names_spec='$libname$shrext'
acl_cv_path_LD=/usr/bin/ld
acl_cv_prog_gnu_ld=yes
acl_cv_rpath=done
acl_cv_shlibext=so
acl_cv_wl=-Wl,
am_cv_CC_dependencies_compiler_type=gcc3
am_cv_func_iconv=yes
am_cv_func_iconv_works=yes
am_cv_lib_iconv=no
am_cv_proto_iconv='extern size_t iconv (iconv_t cd, char * *inbuf, size_t *inbytesleft, char * *outbuf, size_t *outbytesleft);'
am_cv_proto_iconv_arg1=
lt_cv_ar_at_file=@
lt_cv_archive_cmds_need_lc=no
lt_cv_deplibs_check_method=pass_all
lt_cv_file_magic_cmd='$MAGIC_CMD'
lt_cv_file_magic_test_file=
lt_cv_ld_reload_flag=-r
lt_cv_nm_interface='BSD nm'
lt_cv_objdir=.libs
lt_cv_path_LD=/usr/bin/ld
lt_cv_path_NM='/usr/bin/nm -B'
lt_cv_path_mainfest_tool=no
lt_cv_prog_compiler_c_o=yes
lt_cv_prog_compiler_pic='-fPIC -DPIC'
lt_cv_prog_compiler_pic_works=yes
lt_cv_prog_compiler_rtti_exceptions=no
lt_cv_prog_compiler_static_works=yes
lt_cv_prog_gnu_ld=yes
lt_cv_sharedlib_from_linklib_cmd='printf %s\n'
lt_cv_shlibpath_overrides_runpath=no
lt_cv_sys_global_symbol_pipe='sed -n -e '\''s/^.*[	 ]\([ABCDGIRSTW][ABCDGIRSTW]*\)[	 ][	 ]*\([_A-Za-z][_A-Za-z0-9]*\)$/\1 \2 \2/p'\'' | sed '\''/ __gnu_lto/d'\'''
lt_cv_sys_global_symbol_to_c_name_address='sed -n -e '\''s/^: \([^ ]*\)[ ]*$/  {\"\1\", (void *) 0},/p'\'' -e '\''s/^[ABCDGIRSTW]* \([^ ]*\) \([^ ]*\)$/  {"\2", (void *) \&\2},/p'\'''
lt_cv_sys_global_symbol_to_c_name_address_lib_prefix='sed -n -e '\''s/^: \([^ ]*\)[ ]*$/  {\"\1\", (void *) 0},/p'\'' -e '\''s/^[ABCDGIRSTW]* \([^ ]*\) \(lib[^ ]*\)$/  {"\2", (void *) \&\2},/p'\'' -e '\''s/^[ABCDGIRSTW]* \([^ ]*\) \([^ ]*\)$/  {"lib\2", (void *) \&\2},/p'\'''
lt_cv_sys_global_symbol_to_cdecl='sed -n -e '\''s/^T .* \(.*\)$/extern int \1();/p'\'' -e '\''s/^[ABCDGIRSTW]* .* \(.*\)$/extern char \1;/p'\'''
lt_cv_sys_max_cmd_len=98304
lt_cv_to_host_file_cmd=func_convert_file_noop
lt_cv_to_tool_file_cmd=func_convert_file_noop

## ----------------- ##
## Output variables. ##
## ----------------- ##

ACLOCAL='${SHELL} /home/fitz/dts/libfuse/missing --run aclocal-1.11'
AMDEPBACKSLASH='\'
AMDEP_FALSE='#'
AMDEP_TRUE=''
AMTAR='${SHELL} /home/fitz/dts/libfuse/missing --run tar'
AM_BACKSLASH='\'
AM_DEFAULT_VERBOSITY='0'
AR='ar'
AUTOCONF='${SHELL} /home/fitz/dts/libfuse/missing --run autoconf'
AUTOHEADER='${SHELL} /home/fitz/dts/libfuse/missing --run autoheader'
AUTOMAKE='${SHELL} /home/fitz/dts/libfuse/missing --run automake-1.11'
AWK='gawk'
BSD_FALSE=''
BSD_TRUE='#'
CC='gcc -m32'
CCDEPMODE='depmode=gcc3'
CFLAGS='-Wall -W -Wno-sign-compare -Wstrict-prototypes -Wmissing-declarations -Wwrite-strings -g -O2 -fno-strict-aliasing'
CPP='gcc -m32 -E'
CPPFLAGS=''
CYGPATH_W='echo'
DEFS='-DHAVE_CONFIG_H'
DEPDIR='.deps'
DLLTOOL='false'
DSYMUTIL=''
DUMPBIN=''
ECHO_C=''
ECHO_N='-n'
ECHO_T=''
EGREP='/bin/grep -E'
EXEEXT=''
FGREP='/bin/grep -F'
GREP='/bin/grep'
ICONV_FALSE='#'
ICONV_TRUE=''
INIT_D_PATH='/etc/init.d'
INSTALL_DATA='${INSTALL} -m 644'
INSTALL_PROGRAM='${INSTALL}'
INSTALL_SCRIPT='${INSTALL}'
INSTALL_STRIP_PROGRAM='$(install_sh) -c -s'
LD='/usr/bin/ld'
LDFLAGS=''
LIBICONV=''
LIBOBJS=''
LIBS=''
LIBTOOL='$(SHELL) $(top_builddir)/libtool'
LINUX_FALSE='#'
LINUX_TRUE=''
LIPO=''
LN_S='ln -s'
LTLIBICONV=''
LTLIBOBJS=''
MAKEINFO='${SHELL} /home/fitz/dts/libfuse/missing --run makeinfo'
MANIFEST_TOOL=':'
MKDIR_P='/bin/mkdir -p'
MOUNT_FUSE_PATH='/sbin'
NETBSD_FALSE=''
NETBSD_TRUE='#'
NM='/usr/bin/nm -B'
NMEDIT=''
OBJDUMP='objdump'
OBJEXT='o'
OTOOL64=''
OTOOL=''
PACKAGE='fuse'
PACKAGE_BUGREPORT=''
PACKAGE_NAME='fuse'
PACKAGE_STRING='fuse 2.9.2'
PACKAGE_TARNAME='fuse'
PACKAGE_VERSION='2.9.2'
PATH_SEPARATOR=':'
RANLIB='ranlib'
SED='/bin/sed'
SET_MAKE=''
SHELL='/bin/sh'
STRIP='strip'
UDEV_RULES_PATH='/etc/udev/rules.d'
VERSION='2.9.2'
ac_ct_AR='ar'
ac_ct_CC='gcc -m32'
ac_ct_DUMPBIN=''
am__EXEEXT_FALSE=''
am__EXEEXT_TRUE='#'
am__fastdepCC_FALSE='#'
am__fastdepCC_TRUE=''
am__include='include'
am__isrc=''
am__leading_dot='.'
am__quote=''
am__tar='${AMTAR} chof - "$$tardir"'
am__untar='${AMTAR} xf -'
bindir='${exec_prefix}/bin'
build='i686-intel-linux-gnu'
build_alias=''
build_cpu='i686'
build_os='linux-gnu'
build_vendor='intel'
datadir='${datarootdir}'
datarootdir='${prefix}/share'
docdir='${datarootdir}/doc/${PACKAGE_TARNAME}'
dvidir='${docdir}'
exec_prefix='${prefix}'
host='i686-intel-linux-gnu'
host_alias=''
host_cpu='i686'
host_os='linux-gnu'
host_vendor='intel'
htmldir='${docdir}'
includedir='${prefix}/include'
infodir='${datarootdir}/info'
install_sh='${SHELL} /home/fitz/dts/libfuse/install-sh'
libdir='${exec_prefix}/lib'
libexecdir='${exec_prefix}/libexec'
libfuse_libs='-lrt -ldl  '
localedir='${datarootdir}/locale'
localstatedir='${prefix}/var'
mandir='${datarootdir}/man'
mkdir_p='/bin/mkdir -p'
oldincludedir='/usr/include'
pdfdir='${docdir}'
pkgconfigdir='${libdir}/pkgconfig'
prefix='/home/fitz/dts/libfuse/..'
program_transform_name='s,x,x,'
psdir='${docdir}'
sbindir='${exec_prefix}/sbin'
sharedstatedir='${prefix}/com'
subdirs2='include lib util example'
sysconfdir='${prefix}/etc'
target='i686-intel-linux-gnu'
target_alias=''
target_cpu='i686'
target_os='linux-gnu'
target_vendor='intel'

## ----------- ##
## confdefs.h. ##
## ----------- ##

#define PACKAGE_NAME "fuse"
#define PACKAGE_TARNAME "fuse"
#define PACKAGE_VERSION "2.9.2"
#define PACKAGE_STRING "fuse 2.9.2"
#define PACKAGE_BUGREPORT ""
#define PACKAGE "fuse"
#define VERSION "2.9.2"
#define STDC_HEADERS 1
#define HAVE_SYS_TYPES_H 1
#define HAVE_SYS_STAT_H 1
#define HAVE_STDLIB_H 1
#define HAVE_STRING_H 1
#define HAVE_MEMORY_H 1
#define HAVE_STRINGS_H 1
#define HAVE_INTTYPES_H 1
#define HAVE_STDINT_H 1
#define HAVE_UNISTD_H 1
#define HAVE_DLFCN_H 1
#define LT_OBJDIR ".libs/"
#define HAVE_FORK 1
#define HAVE_SETXATTR 1
#define HAVE_FDATASYNC 1
#define HAVE_SPLICE 1
#define HAVE_VMSPLICE 1
#define HAVE_POSIX_FALLOCATE 1
#define HAVE_STRUCT_STAT_ST_ATIM 1
#define HAVE_ICONV 1
#define ICONV_CONST 

configure: exit 0
